jetson@soup-desktop:~/Desktop/Auto-Nightvision-LLIE$ ./test_many.sh
Running test for model: 10_n1.0_dim0
Starting tegrastats pretest...
Pretest complete for model: 10_n1.0_dim0
Starting tegrastats for test run...
export CUDA_VISIBLE_DEVICES=0
dataset LOLv1
Not using Automatic Mixed Precision
BOOM!!!
===>Testing using weights:  /home/jetson/Desktop/LLIE_models/LLIE_models/Structured/10_n1.0_dim0.pth
data/LOLv1/Train/input
data/LOLv1/Train/target
100%|█████████████████████████████████████████| 485/485 [37:31<00:00,  4.64s/it]
PSNR: 19.294423 
SSIM: 0.765770 
Test run complete for model: 10_n1.0_dim0; now parsing tegrastats output...
Results for 10_n1.0_dim0 saved in test_output_10_n1.0_dim0.txt
----------------------------------------------
Running test for model: 10_n1.0_dim-1
Starting tegrastats pretest...
Pretest complete for model: 10_n1.0_dim-1
Starting tegrastats for test run...
export CUDA_VISIBLE_DEVICES=0
dataset LOLv1
Not using Automatic Mixed Precision
BOOM!!!
===>Testing using weights:  /home/jetson/Desktop/LLIE_models/LLIE_models/Structured/10_n1.0_dim-1.pth
data/LOLv1/Train/input
data/LOLv1/Train/target
100%|█████████████████████████████████████████| 485/485 [37:06<00:00,  4.59s/it]
PSNR: 27.079203 
SSIM: 0.867611 
Test run complete for model: 10_n1.0_dim-1; now parsing tegrastats output...
Results for 10_n1.0_dim-1 saved in test_output_10_n1.0_dim-1.txt
----------------------------------------------
Running test for model: 10_n1.0_dim1
Starting tegrastats pretest...
Pretest complete for model: 10_n1.0_dim1
Starting tegrastats for test run...
export CUDA_VISIBLE_DEVICES=0
dataset LOLv1
Not using Automatic Mixed Precision
BOOM!!!
===>Testing using weights:  /home/jetson/Desktop/LLIE_models/LLIE_models/Structured/10_n1.0_dim1.pth
data/LOLv1/Train/input
data/LOLv1/Train/target
100%|█████████████████████████████████████████| 485/485 [36:34<00:00,  4.52s/it]
PSNR: 21.633743 
SSIM: 0.811731 
Test run complete for model: 10_n1.0_dim1; now parsing tegrastats output...
Results for 10_n1.0_dim1 saved in test_output_10_n1.0_dim1.txt
----------------------------------------------
Running test for model: 10_n2.0_dim0
Starting tegrastats pretest...
Pretest complete for model: 10_n2.0_dim0
Starting tegrastats for test run...
export CUDA_VISIBLE_DEVICES=0
dataset LOLv1
Not using Automatic Mixed Precision
BOOM!!!
===>Testing using weights:  /home/jetson/Desktop/LLIE_models/LLIE_models/Structured/10_n2.0_dim0.pth
data/LOLv1/Train/input
data/LOLv1/Train/target
100%|█████████████████████████████████████████| 485/485 [36:26<00:00,  4.51s/it]
PSNR: 19.358555 
SSIM: 0.769900 
Test run complete for model: 10_n2.0_dim0; now parsing tegrastats output...
Results for 10_n2.0_dim0 saved in test_output_10_n2.0_dim0.txt
----------------------------------------------
Running test for model: 10_n2.0_dim-1
Starting tegrastats pretest...
Pretest complete for model: 10_n2.0_dim-1
Starting tegrastats for test run...
export CUDA_VISIBLE_DEVICES=0
dataset LOLv1
Not using Automatic Mixed Precision
BOOM!!!
===>Testing using weights:  /home/jetson/Desktop/LLIE_models/LLIE_models/Structured/10_n2.0_dim-1.pth
data/LOLv1/Train/input
data/LOLv1/Train/target
100%|█████████████████████████████████████████| 485/485 [36:40<00:00,  4.54s/it]
PSNR: 27.079203 
SSIM: 0.867611 
Test run complete for model: 10_n2.0_dim-1; now parsing tegrastats output...
Results for 10_n2.0_dim-1 saved in test_output_10_n2.0_dim-1.txt
----------------------------------------------
Running test for model: 10_n2.0_dim1
Starting tegrastats pretest...
Pretest complete for model: 10_n2.0_dim1
Starting tegrastats for test run...
export CUDA_VISIBLE_DEVICES=0
dataset LOLv1
Not using Automatic Mixed Precision
BOOM!!!
===>Testing using weights:  /home/jetson/Desktop/LLIE_models/LLIE_models/Structured/10_n2.0_dim1.pth
data/LOLv1/Train/input
data/LOLv1/Train/target
100%|█████████████████████████████████████████| 485/485 [36:25<00:00,  4.51s/it]
PSNR: 21.064637 
SSIM: 0.814311 
Test run complete for model: 10_n2.0_dim1; now parsing tegrastats output...
Results for 10_n2.0_dim1 saved in test_output_10_n2.0_dim1.txt
----------------------------------------------
Running test for model: 10_ninf_dim0
Starting tegrastats pretest...
Pretest complete for model: 10_ninf_dim0
Starting tegrastats for test run...
export CUDA_VISIBLE_DEVICES=0
dataset LOLv1
Not using Automatic Mixed Precision
BOOM!!!
===>Testing using weights:  /home/jetson/Desktop/LLIE_models/LLIE_models/Structured/10_ninf_dim0.pth
data/LOLv1/Train/input
data/LOLv1/Train/target
100%|█████████████████████████████████████████| 485/485 [36:11<00:00,  4.48s/it]
PSNR: 16.747594 
SSIM: 0.739440 
Test run complete for model: 10_ninf_dim0; now parsing tegrastats output...
Results for 10_ninf_dim0 saved in test_output_10_ninf_dim0.txt
----------------------------------------------
Running test for model: 10_ninf_dim-1
Starting tegrastats pretest...
Pretest complete for model: 10_ninf_dim-1
Starting tegrastats for test run...
export CUDA_VISIBLE_DEVICES=0
dataset LOLv1
Not using Automatic Mixed Precision
BOOM!!!
===>Testing using weights:  /home/jetson/Desktop/LLIE_models/LLIE_models/Structured/10_ninf_dim-1.pth
data/LOLv1/Train/input
data/LOLv1/Train/target
100%|█████████████████████████████████████████| 485/485 [36:24<00:00,  4.50s/it]
PSNR: 27.079203 
SSIM: 0.867611 
Test run complete for model: 10_ninf_dim-1; now parsing tegrastats output...
Results for 10_ninf_dim-1 saved in test_output_10_ninf_dim-1.txt
----------------------------------------------
Running test for model: 10_ninf_dim1
Starting tegrastats pretest...
Pretest complete for model: 10_ninf_dim1
Starting tegrastats for test run...
export CUDA_VISIBLE_DEVICES=0
dataset LOLv1
Not using Automatic Mixed Precision
BOOM!!!
===>Testing using weights:  /home/jetson/Desktop/LLIE_models/LLIE_models/Structured/10_ninf_dim1.pth
data/LOLv1/Train/input
data/LOLv1/Train/target
 92%|█████████████████████████████████████▋   | 446/485 [33:28<02:51,  4.39s/it]100%|█████████████████████████████████████████| 485/485 [36:20<00:00,  4.50s/it]
PSNR: 20.331499 
SSIM: 0.804586 
Test run complete for model: 10_ninf_dim1; now parsing tegrastats output...
Results for 10_ninf_dim1 saved in test_output_10_ninf_dim1.txt
----------------------------------------------
Running test for model: 50_n1.0_dim0
Starting tegrastats pretest...
Pretest complete for model: 50_n1.0_dim0
Starting tegrastats for test run...
export CUDA_VISIBLE_DEVICES=0
dataset LOLv1
Not using Automatic Mixed Precision
BOOM!!!
===>Testing using weights:  /home/jetson/Desktop/LLIE_models/LLIE_models/Structured/50_n1.0_dim0.pth
data/LOLv1/Train/input
data/LOLv1/Train/target
100%|█████████████████████████████████████████| 485/485 [36:24<00:00,  4.50s/it]
PSNR: 9.642173 
SSIM: 0.389236 
Test run complete for model: 50_n1.0_dim0; now parsing tegrastats output...
Results for 50_n1.0_dim0 saved in test_output_50_n1.0_dim0.txt
----------------------------------------------
Running test for model: 50_n1.0_dim-1
Starting tegrastats pretest...
Pretest complete for model: 50_n1.0_dim-1
Starting tegrastats for test run...
export CUDA_VISIBLE_DEVICES=0
dataset LOLv1
Not using Automatic Mixed Precision
BOOM!!!
===>Testing using weights:  /home/jetson/Desktop/LLIE_models/LLIE_models/Structured/50_n1.0_dim-1.pth
data/LOLv1/Train/input
data/LOLv1/Train/target
100%|█████████████████████████████████████████| 485/485 [36:18<00:00,  4.49s/it]
PSNR: 15.181026 
SSIM: 0.620606 
Test run complete for model: 50_n1.0_dim-1; now parsing tegrastats output...
Results for 50_n1.0_dim-1 saved in test_output_50_n1.0_dim-1.txt
----------------------------------------------
Running test for model: 50_n1.0_dim1
Starting tegrastats pretest...
Pretest complete for model: 50_n1.0_dim1
Starting tegrastats for test run...
export CUDA_VISIBLE_DEVICES=0
dataset LOLv1
Not using Automatic Mixed Precision
BOOM!!!
===>Testing using weights:  /home/jetson/Desktop/LLIE_models/LLIE_models/Structured/50_n1.0_dim1.pth
data/LOLv1/Train/input
data/LOLv1/Train/target
100%|█████████████████████████████████████████| 485/485 [36:24<00:00,  4.50s/it]
PSNR: 8.828190 
SSIM: 0.321878 
Test run complete for model: 50_n1.0_dim1; now parsing tegrastats output...
Results for 50_n1.0_dim1 saved in test_output_50_n1.0_dim1.txt
----------------------------------------------
Running test for model: 50_n2.0_dim0
Starting tegrastats pretest...
Pretest complete for model: 50_n2.0_dim0
Starting tegrastats for test run...
export CUDA_VISIBLE_DEVICES=0
dataset LOLv1
Not using Automatic Mixed Precision
BOOM!!!
===>Testing using weights:  /home/jetson/Desktop/LLIE_models/LLIE_models/Structured/50_n2.0_dim0.pth
data/LOLv1/Train/input
data/LOLv1/Train/target
100%|█████████████████████████████████████████| 485/485 [36:15<00:00,  4.49s/it]
PSNR: 9.603653 
SSIM: 0.383637 
Test run complete for model: 50_n2.0_dim0; now parsing tegrastats output...
Results for 50_n2.0_dim0 saved in test_output_50_n2.0_dim0.txt
----------------------------------------------
Running test for model: 50_n2.0_dim-1
Starting tegrastats pretest...
Pretest complete for model: 50_n2.0_dim-1
Starting tegrastats for test run...
export CUDA_VISIBLE_DEVICES=0
dataset LOLv1
Not using Automatic Mixed Precision
BOOM!!!
===>Testing using weights:  /home/jetson/Desktop/LLIE_models/LLIE_models/Structured/50_n2.0_dim-1.pth
data/LOLv1/Train/input
data/LOLv1/Train/target
100%|█████████████████████████████████████████| 485/485 [36:35<00:00,  4.53s/it]
PSNR: 16.909394 
SSIM: 0.630061 
Test run complete for model: 50_n2.0_dim-1; now parsing tegrastats output...
Results for 50_n2.0_dim-1 saved in test_output_50_n2.0_dim-1.txt
----------------------------------------------
Running test for model: 50_n2.0_dim1
Starting tegrastats pretest...
Pretest complete for model: 50_n2.0_dim1
Starting tegrastats for test run...
export CUDA_VISIBLE_DEVICES=0
dataset LOLv1
Not using Automatic Mixed Precision
BOOM!!!
===>Testing using weights:  /home/jetson/Desktop/LLIE_models/LLIE_models/Structured/50_n2.0_dim1.pth
data/LOLv1/Train/input
data/LOLv1/Train/target
100%|█████████████████████████████████████████| 485/485 [36:14<00:00,  4.48s/it]
PSNR: 9.067417 
SSIM: 0.335674 
Test run complete for model: 50_n2.0_dim1; now parsing tegrastats output...
Results for 50_n2.0_dim1 saved in test_output_50_n2.0_dim1.txt
----------------------------------------------
Running test for model: 50_ninf_dim0
Starting tegrastats pretest...
Pretest complete for model: 50_ninf_dim0
Starting tegrastats for test run...
export CUDA_VISIBLE_DEVICES=0
dataset LOLv1
Not using Automatic Mixed Precision
BOOM!!!
===>Testing using weights:  /home/jetson/Desktop/LLIE_models/LLIE_models/Structured/50_ninf_dim0.pth
data/LOLv1/Train/input
data/LOLv1/Train/target
100%|█████████████████████████████████████████| 485/485 [36:28<00:00,  4.51s/it]
PSNR: 9.447027 
SSIM: 0.391026 
Test run complete for model: 50_ninf_dim0; now parsing tegrastats output...
Results for 50_ninf_dim0 saved in test_output_50_ninf_dim0.txt
----------------------------------------------
Running test for model: 50_ninf_dim-1
Starting tegrastats pretest...
Pretest complete for model: 50_ninf_dim-1
Starting tegrastats for test run...
export CUDA_VISIBLE_DEVICES=0
dataset LOLv1
Not using Automatic Mixed Precision
BOOM!!!
===>Testing using weights:  /home/jetson/Desktop/LLIE_models/LLIE_models/Structured/50_ninf_dim-1.pth
data/LOLv1/Train/input
data/LOLv1/Train/target
100%|█████████████████████████████████████████| 485/485 [36:08<00:00,  4.47s/it]
PSNR: 15.157296 
SSIM: 0.567101 
Test run complete for model: 50_ninf_dim-1; now parsing tegrastats output...
Results for 50_ninf_dim-1 saved in test_output_50_ninf_dim-1.txt
----------------------------------------------
Running test for model: 50_ninf_dim1
Starting tegrastats pretest...
Pretest complete for model: 50_ninf_dim1
Starting tegrastats for test run...
export CUDA_VISIBLE_DEVICES=0
dataset LOLv1
Not using Automatic Mixed Precision
BOOM!!!
===>Testing using weights:  /home/jetson/Desktop/LLIE_models/LLIE_models/Structured/50_ninf_dim1.pth
data/LOLv1/Train/input
data/LOLv1/Train/target
100%|█████████████████████████████████████████| 485/485 [36:22<00:00,  4.50s/it]
PSNR: 11.964335 
SSIM: 0.572450 
Test run complete for model: 50_ninf_dim1; now parsing tegrastats output...
Results for 50_ninf_dim1 saved in test_output_50_ninf_dim1.txt
----------------------------------------------
Running test for model: 90_n1.0_dim0
Starting tegrastats pretest...
Pretest complete for model: 90_n1.0_dim0
Starting tegrastats for test run...
export CUDA_VISIBLE_DEVICES=0
dataset LOLv1
Not using Automatic Mixed Precision
BOOM!!!
===>Testing using weights:  /home/jetson/Desktop/LLIE_models/LLIE_models/Structured/90_n1.0_dim0.pth
data/LOLv1/Train/input
data/LOLv1/Train/target
100%|█████████████████████████████████████████| 485/485 [36:13<00:00,  4.48s/it]
PSNR: 8.008831 
SSIM: 0.204227 
Test run complete for model: 90_n1.0_dim0; now parsing tegrastats output...
Results for 90_n1.0_dim0 saved in test_output_90_n1.0_dim0.txt
----------------------------------------------
Running test for model: 90_n1.0_dim-1
Starting tegrastats pretest...
Pretest complete for model: 90_n1.0_dim-1
Starting tegrastats for test run...
export CUDA_VISIBLE_DEVICES=0
dataset LOLv1
Not using Automatic Mixed Precision
BOOM!!!
===>Testing using weights:  /home/jetson/Desktop/LLIE_models/LLIE_models/Structured/90_n1.0_dim-1.pth
data/LOLv1/Train/input
data/LOLv1/Train/target
100%|█████████████████████████████████████████| 485/485 [36:20<00:00,  4.50s/it]
PSNR: 8.008831 
SSIM: 0.204227 
Test run complete for model: 90_n1.0_dim-1; now parsing tegrastats output...
Results for 90_n1.0_dim-1 saved in test_output_90_n1.0_dim-1.txt
----------------------------------------------
Running test for model: 90_n1.0_dim1
Starting tegrastats pretest...
Pretest complete for model: 90_n1.0_dim1
Starting tegrastats for test run...
export CUDA_VISIBLE_DEVICES=0
dataset LOLv1
Not using Automatic Mixed Precision
BOOM!!!
===>Testing using weights:  /home/jetson/Desktop/LLIE_models/LLIE_models/Structured/90_n1.0_dim1.pth
data/LOLv1/Train/input
data/LOLv1/Train/target
100%|█████████████████████████████████████████| 485/485 [36:15<00:00,  4.49s/it]
PSNR: 10.728540 
SSIM: 0.519480 
Test run complete for model: 90_n1.0_dim1; now parsing tegrastats output...
Results for 90_n1.0_dim1 saved in test_output_90_n1.0_dim1.txt
----------------------------------------------
Running test for model: 90_n2.0_dim0
Starting tegrastats pretest...
Pretest complete for model: 90_n2.0_dim0
Starting tegrastats for test run...
export CUDA_VISIBLE_DEVICES=0
dataset LOLv1
Not using Automatic Mixed Precision
BOOM!!!
===>Testing using weights:  /home/jetson/Desktop/LLIE_models/LLIE_models/Structured/90_n2.0_dim0.pth
data/LOLv1/Train/input
data/LOLv1/Train/target
100%|█████████████████████████████████████████| 485/485 [36:19<00:00,  4.49s/it]
PSNR: 8.008831 
SSIM: 0.204227 
Test run complete for model: 90_n2.0_dim0; now parsing tegrastats output...
Results for 90_n2.0_dim0 saved in test_output_90_n2.0_dim0.txt
----------------------------------------------
Running test for model: 90_n2.0_dim-1
Starting tegrastats pretest...
Pretest complete for model: 90_n2.0_dim-1
Starting tegrastats for test run...
export CUDA_VISIBLE_DEVICES=0
dataset LOLv1
Not using Automatic Mixed Precision
BOOM!!!
===>Testing using weights:  /home/jetson/Desktop/LLIE_models/LLIE_models/Structured/90_n2.0_dim-1.pth
data/LOLv1/Train/input
data/LOLv1/Train/target
100%|█████████████████████████████████████████| 485/485 [36:26<00:00,  4.51s/it]
PSNR: 8.008831 
SSIM: 0.204227 
Test run complete for model: 90_n2.0_dim-1; now parsing tegrastats output...
Results for 90_n2.0_dim-1 saved in test_output_90_n2.0_dim-1.txt
----------------------------------------------
Running test for model: 90_n2.0_dim1
Starting tegrastats pretest...
Pretest complete for model: 90_n2.0_dim1
Starting tegrastats for test run...
export CUDA_VISIBLE_DEVICES=0
dataset LOLv1
Not using Automatic Mixed Precision
BOOM!!!
===>Testing using weights:  /home/jetson/Desktop/LLIE_models/LLIE_models/Structured/90_n2.0_dim1.pth
data/LOLv1/Train/input
data/LOLv1/Train/target
100%|█████████████████████████████████████████| 485/485 [36:27<00:00,  4.51s/it]
PSNR: 10.671653 
SSIM: 0.515604 
Test run complete for model: 90_n2.0_dim1; now parsing tegrastats output...
Results for 90_n2.0_dim1 saved in test_output_90_n2.0_dim1.txt
----------------------------------------------
Running test for model: 90_ninf_dim0
Starting tegrastats pretest...
Pretest complete for model: 90_ninf_dim0
Starting tegrastats for test run...
export CUDA_VISIBLE_DEVICES=0
dataset LOLv1
Not using Automatic Mixed Precision
BOOM!!!
===>Testing using weights:  /home/jetson/Desktop/LLIE_models/LLIE_models/Structured/90_ninf_dim0.pth
data/LOLv1/Train/input
data/LOLv1/Train/target
100%|█████████████████████████████████████████| 485/485 [36:13<00:00,  4.48s/it]
PSNR: 8.008831 
SSIM: 0.204227 
Test run complete for model: 90_ninf_dim0; now parsing tegrastats output...
Results for 90_ninf_dim0 saved in test_output_90_ninf_dim0.txt
----------------------------------------------
Running test for model: 90_ninf_dim-1
Starting tegrastats pretest...
Pretest complete for model: 90_ninf_dim-1
Starting tegrastats for test run...
export CUDA_VISIBLE_DEVICES=0
dataset LOLv1
Not using Automatic Mixed Precision
BOOM!!!
===>Testing using weights:  /home/jetson/Desktop/LLIE_models/LLIE_models/Structured/90_ninf_dim-1.pth
data/LOLv1/Train/input
data/LOLv1/Train/target
100%|█████████████████████████████████████████| 485/485 [36:26<00:00,  4.51s/it]
PSNR: 8.008831 
SSIM: 0.204227 
Test run complete for model: 90_ninf_dim-1; now parsing tegrastats output...
Results for 90_ninf_dim-1 saved in test_output_90_ninf_dim-1.txt
----------------------------------------------
Running test for model: 90_ninf_dim1
Starting tegrastats pretest...
Pretest complete for model: 90_ninf_dim1
Starting tegrastats for test run...
export CUDA_VISIBLE_DEVICES=0
dataset LOLv1
Not using Automatic Mixed Precision
BOOM!!!
===>Testing using weights:  /home/jetson/Desktop/LLIE_models/LLIE_models/Structured/90_ninf_dim1.pth
data/LOLv1/Train/input
data/LOLv1/Train/target
100%|█████████████████████████████████████████| 485/485 [36:16<00:00,  4.49s/it]
PSNR: 9.501173 
SSIM: 0.413560 
Test run complete for model: 90_ninf_dim1; now parsing tegrastats output...
Results for 90_ninf_dim1 saved in test_output_90_ninf_dim1.txt
----------------------------------------------
All model tests complete.

